CRITICAL - 2021-09-14 07:51:03 --> Undefined index: firstname
#0 C:\xampp\htdocs\codeigniter4login-master\app\Views\profile.php(5): CodeIgniter\Debug\Exceptions->errorHandler(8, 'Undefined index...', 'C:\\xampp\\htdocs...', 5, Array)
#1 C:\xampp\htdocs\codeigniter4login-master\vendor\codeigniter4\framework\system\View\View.php(236): include('C:\\xampp\\htdocs...')
#2 C:\xampp\htdocs\codeigniter4login-master\vendor\codeigniter4\framework\system\Common.php(1071): CodeIgniter\View\View->render('profile', Array, true)
#3 C:\xampp\htdocs\codeigniter4login-master\app\Controllers\Users.php(140): view('profile')
#4 C:\xampp\htdocs\codeigniter4login-master\vendor\codeigniter4\framework\system\CodeIgniter.php(910): App\Controllers\Users->profile()
#5 C:\xampp\htdocs\codeigniter4login-master\vendor\codeigniter4\framework\system\CodeIgniter.php(398): CodeIgniter\CodeIgniter->runController(Object(App\Controllers\Users))
#6 C:\xampp\htdocs\codeigniter4login-master\vendor\codeigniter4\framework\system\CodeIgniter.php(306): CodeIgniter\CodeIgniter->handleRequest(NULL, Object(Config\Cache), false)
#7 C:\xampp\htdocs\codeigniter4login-master\public\index.php(45): CodeIgniter\CodeIgniter->run()
#8 {main}
CRITICAL - 2021-09-14 07:53:00 --> Undefined index: firstname
#0 C:\xampp\htdocs\codeigniter4login-master\app\Controllers\Users.php(50): CodeIgniter\Debug\Exceptions->errorHandler(8, 'Undefined index...', 'C:\\xampp\\htdocs...', 50, Array)
#1 C:\xampp\htdocs\codeigniter4login-master\app\Controllers\Users.php(35): App\Controllers\Users->setUserSession(Array)
#2 C:\xampp\htdocs\codeigniter4login-master\vendor\codeigniter4\framework\system\CodeIgniter.php(910): App\Controllers\Users->index()
#3 C:\xampp\htdocs\codeigniter4login-master\vendor\codeigniter4\framework\system\CodeIgniter.php(398): CodeIgniter\CodeIgniter->runController(Object(App\Controllers\Users))
#4 C:\xampp\htdocs\codeigniter4login-master\vendor\codeigniter4\framework\system\CodeIgniter.php(306): CodeIgniter\CodeIgniter->handleRequest(NULL, Object(Config\Cache), false)
#5 C:\xampp\htdocs\codeigniter4login-master\public\index.php(45): CodeIgniter\CodeIgniter->run()
#6 {main}
CRITICAL - 2021-09-14 09:48:44 --> Unknown column 'lname' in 'field list'
#0 C:\xampp\htdocs\codeigniter4login-master\vendor\codeigniter4\framework\system\Database\MySQLi\Connection.php(330): mysqli->query('INSERT INTO `us...')
#1 C:\xampp\htdocs\codeigniter4login-master\vendor\codeigniter4\framework\system\Database\BaseConnection.php(738): CodeIgniter\Database\MySQLi\Connection->execute('INSERT INTO `us...')
#2 C:\xampp\htdocs\codeigniter4login-master\vendor\codeigniter4\framework\system\Database\BaseConnection.php(666): CodeIgniter\Database\BaseConnection->simpleQuery('INSERT INTO `us...')
#3 C:\xampp\htdocs\codeigniter4login-master\vendor\codeigniter4\framework\system\Database\BaseBuilder.php(2206): CodeIgniter\Database\BaseConnection->query('INSERT INTO `us...', Array, false)
#4 C:\xampp\htdocs\codeigniter4login-master\vendor\codeigniter4\framework\system\Model.php(722): CodeIgniter\Database\BaseBuilder->insert()
#5 C:\xampp\htdocs\codeigniter4login-master\vendor\codeigniter4\framework\system\Model.php(550): CodeIgniter\Model->insert(Array, false)
#6 C:\xampp\htdocs\codeigniter4login-master\app\Controllers\Users.php(107): CodeIgniter\Model->save(Array)
#7 C:\xampp\htdocs\codeigniter4login-master\vendor\codeigniter4\framework\system\CodeIgniter.php(910): App\Controllers\Users->register()
#8 C:\xampp\htdocs\codeigniter4login-master\vendor\codeigniter4\framework\system\CodeIgniter.php(398): CodeIgniter\CodeIgniter->runController(Object(App\Controllers\Users))
#9 C:\xampp\htdocs\codeigniter4login-master\vendor\codeigniter4\framework\system\CodeIgniter.php(306): CodeIgniter\CodeIgniter->handleRequest(NULL, Object(Config\Cache), false)
#10 C:\xampp\htdocs\codeigniter4login-master\public\index.php(45): CodeIgniter\CodeIgniter->run()
#11 {main}
CRITICAL - 2021-09-14 09:52:05 --> Unknown column 'lname' in 'field list'
#0 C:\xampp\htdocs\codeigniter4login-master\vendor\codeigniter4\framework\system\Database\MySQLi\Connection.php(330): mysqli->query('INSERT INTO `us...')
#1 C:\xampp\htdocs\codeigniter4login-master\vendor\codeigniter4\framework\system\Database\BaseConnection.php(738): CodeIgniter\Database\MySQLi\Connection->execute('INSERT INTO `us...')
#2 C:\xampp\htdocs\codeigniter4login-master\vendor\codeigniter4\framework\system\Database\BaseConnection.php(666): CodeIgniter\Database\BaseConnection->simpleQuery('INSERT INTO `us...')
#3 C:\xampp\htdocs\codeigniter4login-master\vendor\codeigniter4\framework\system\Database\BaseBuilder.php(2206): CodeIgniter\Database\BaseConnection->query('INSERT INTO `us...', Array, false)
#4 C:\xampp\htdocs\codeigniter4login-master\vendor\codeigniter4\framework\system\Model.php(722): CodeIgniter\Database\BaseBuilder->insert()
#5 C:\xampp\htdocs\codeigniter4login-master\vendor\codeigniter4\framework\system\Model.php(550): CodeIgniter\Model->insert(Array, false)
#6 C:\xampp\htdocs\codeigniter4login-master\app\Controllers\Users.php(107): CodeIgniter\Model->save(Array)
#7 C:\xampp\htdocs\codeigniter4login-master\vendor\codeigniter4\framework\system\CodeIgniter.php(910): App\Controllers\Users->register()
#8 C:\xampp\htdocs\codeigniter4login-master\vendor\codeigniter4\framework\system\CodeIgniter.php(398): CodeIgniter\CodeIgniter->runController(Object(App\Controllers\Users))
#9 C:\xampp\htdocs\codeigniter4login-master\vendor\codeigniter4\framework\system\CodeIgniter.php(306): CodeIgniter\CodeIgniter->handleRequest(NULL, Object(Config\Cache), false)
#10 C:\xampp\htdocs\codeigniter4login-master\public\index.php(45): CodeIgniter\CodeIgniter->run()
#11 {main}
CRITICAL - 2021-09-14 09:52:11 --> Unknown column 'lname' in 'field list'
#0 C:\xampp\htdocs\codeigniter4login-master\vendor\codeigniter4\framework\system\Database\MySQLi\Connection.php(330): mysqli->query('INSERT INTO `us...')
#1 C:\xampp\htdocs\codeigniter4login-master\vendor\codeigniter4\framework\system\Database\BaseConnection.php(738): CodeIgniter\Database\MySQLi\Connection->execute('INSERT INTO `us...')
#2 C:\xampp\htdocs\codeigniter4login-master\vendor\codeigniter4\framework\system\Database\BaseConnection.php(666): CodeIgniter\Database\BaseConnection->simpleQuery('INSERT INTO `us...')
#3 C:\xampp\htdocs\codeigniter4login-master\vendor\codeigniter4\framework\system\Database\BaseBuilder.php(2206): CodeIgniter\Database\BaseConnection->query('INSERT INTO `us...', Array, false)
#4 C:\xampp\htdocs\codeigniter4login-master\vendor\codeigniter4\framework\system\Model.php(722): CodeIgniter\Database\BaseBuilder->insert()
#5 C:\xampp\htdocs\codeigniter4login-master\vendor\codeigniter4\framework\system\Model.php(550): CodeIgniter\Model->insert(Array, false)
#6 C:\xampp\htdocs\codeigniter4login-master\app\Controllers\Users.php(107): CodeIgniter\Model->save(Array)
#7 C:\xampp\htdocs\codeigniter4login-master\vendor\codeigniter4\framework\system\CodeIgniter.php(910): App\Controllers\Users->register()
#8 C:\xampp\htdocs\codeigniter4login-master\vendor\codeigniter4\framework\system\CodeIgniter.php(398): CodeIgniter\CodeIgniter->runController(Object(App\Controllers\Users))
#9 C:\xampp\htdocs\codeigniter4login-master\vendor\codeigniter4\framework\system\CodeIgniter.php(306): CodeIgniter\CodeIgniter->handleRequest(NULL, Object(Config\Cache), false)
#10 C:\xampp\htdocs\codeigniter4login-master\public\index.php(45): CodeIgniter\CodeIgniter->run()
#11 {main}
CRITICAL - 2021-09-14 09:52:28 --> Unknown column 'lname' in 'field list'
#0 C:\xampp\htdocs\codeigniter4login-master\vendor\codeigniter4\framework\system\Database\MySQLi\Connection.php(330): mysqli->query('INSERT INTO `us...')
#1 C:\xampp\htdocs\codeigniter4login-master\vendor\codeigniter4\framework\system\Database\BaseConnection.php(738): CodeIgniter\Database\MySQLi\Connection->execute('INSERT INTO `us...')
#2 C:\xampp\htdocs\codeigniter4login-master\vendor\codeigniter4\framework\system\Database\BaseConnection.php(666): CodeIgniter\Database\BaseConnection->simpleQuery('INSERT INTO `us...')
#3 C:\xampp\htdocs\codeigniter4login-master\vendor\codeigniter4\framework\system\Database\BaseBuilder.php(2206): CodeIgniter\Database\BaseConnection->query('INSERT INTO `us...', Array, false)
#4 C:\xampp\htdocs\codeigniter4login-master\vendor\codeigniter4\framework\system\Model.php(722): CodeIgniter\Database\BaseBuilder->insert()
#5 C:\xampp\htdocs\codeigniter4login-master\vendor\codeigniter4\framework\system\Model.php(550): CodeIgniter\Model->insert(Array, false)
#6 C:\xampp\htdocs\codeigniter4login-master\app\Controllers\Users.php(107): CodeIgniter\Model->save(Array)
#7 C:\xampp\htdocs\codeigniter4login-master\vendor\codeigniter4\framework\system\CodeIgniter.php(910): App\Controllers\Users->register()
#8 C:\xampp\htdocs\codeigniter4login-master\vendor\codeigniter4\framework\system\CodeIgniter.php(398): CodeIgniter\CodeIgniter->runController(Object(App\Controllers\Users))
#9 C:\xampp\htdocs\codeigniter4login-master\vendor\codeigniter4\framework\system\CodeIgniter.php(306): CodeIgniter\CodeIgniter->handleRequest(NULL, Object(Config\Cache), false)
#10 C:\xampp\htdocs\codeigniter4login-master\public\index.php(45): CodeIgniter\CodeIgniter->run()
#11 {main}
CRITICAL - 2021-09-14 11:00:20 --> Invalid file: templates/header.php
#0 C:\xampp\htdocs\codeigniter4login-master\vendor\codeigniter4\framework\system\View\View.php(224): CodeIgniter\Exceptions\FrameworkException::forInvalidFile('templates/heade...')
#1 C:\xampp\htdocs\codeigniter4login-master\vendor\codeigniter4\framework\system\Common.php(1071): CodeIgniter\View\View->render('templates/heade...', Array, true)
#2 C:\xampp\htdocs\codeigniter4login-master\app\Controllers\Dashboard.php(9): view('templates/heade...', Array)
#3 C:\xampp\htdocs\codeigniter4login-master\vendor\codeigniter4\framework\system\CodeIgniter.php(910): App\Controllers\Dashboard->index()
#4 C:\xampp\htdocs\codeigniter4login-master\vendor\codeigniter4\framework\system\CodeIgniter.php(398): CodeIgniter\CodeIgniter->runController(Object(App\Controllers\Dashboard))
#5 C:\xampp\htdocs\codeigniter4login-master\vendor\codeigniter4\framework\system\CodeIgniter.php(306): CodeIgniter\CodeIgniter->handleRequest(NULL, Object(Config\Cache), false)
#6 C:\xampp\htdocs\codeigniter4login-master\public\index.php(45): CodeIgniter\CodeIgniter->run()
#7 {main}
CRITICAL - 2021-09-14 19:40:48 --> Invalid file: templates/header.php
#0 C:\xampp\htdocs\codeigniter4login-master\vendor\codeigniter4\framework\system\View\View.php(224): CodeIgniter\Exceptions\FrameworkException::forInvalidFile('templates/heade...')
#1 C:\xampp\htdocs\codeigniter4login-master\vendor\codeigniter4\framework\system\Common.php(1071): CodeIgniter\View\View->render('templates/heade...', Array, true)
#2 C:\xampp\htdocs\codeigniter4login-master\app\Controllers\Dashboard.php(9): view('templates/heade...', Array)
#3 C:\xampp\htdocs\codeigniter4login-master\vendor\codeigniter4\framework\system\CodeIgniter.php(910): App\Controllers\Dashboard->index()
#4 C:\xampp\htdocs\codeigniter4login-master\vendor\codeigniter4\framework\system\CodeIgniter.php(398): CodeIgniter\CodeIgniter->runController(Object(App\Controllers\Dashboard))
#5 C:\xampp\htdocs\codeigniter4login-master\vendor\codeigniter4\framework\system\CodeIgniter.php(306): CodeIgniter\CodeIgniter->handleRequest(NULL, Object(Config\Cache), false)
#6 C:\xampp\htdocs\codeigniter4login-master\public\index.php(45): CodeIgniter\CodeIgniter->run()
#7 {main}
